<?xml version="1.0" encoding="UTF-8"?>
<coverage generated="1662222851">
  <project timestamp="1662222851">
    <file name="/home/runner/work/console/console/src/Commands/ApieConsoleCommand.php">
      <class name="Apie\Console\Commands\ApieConsoleCommand" namespace="global">
        <metrics complexity="24" methods="4" coveredmethods="1" conditionals="0" coveredconditionals="0" statements="58" coveredstatements="44" elements="62" coveredelements="45"/>
      </class>
      <line num="19" type="method" name="__construct" visibility="public" complexity="1" crap="1" count="1"/>
      <line num="21" type="stmt" count="1"/>
      <line num="24" type="method" name="configure" visibility="protected" complexity="10" crap="12.48" count="1"/>
      <line num="26" type="stmt" count="1"/>
      <line num="27" type="stmt" count="1"/>
      <line num="28" type="stmt" count="0"/>
      <line num="29" type="stmt" count="1"/>
      <line num="30" type="stmt" count="1"/>
      <line num="32" type="stmt" count="1"/>
      <line num="33" type="stmt" count="1"/>
      <line num="34" type="stmt" count="1"/>
      <line num="35" type="stmt" count="1"/>
      <line num="36" type="stmt" count="1"/>
      <line num="37" type="stmt" count="1"/>
      <line num="41" type="stmt" count="1"/>
      <line num="42" type="stmt" count="1"/>
      <line num="43" type="stmt" count="0"/>
      <line num="45" type="stmt" count="1"/>
      <line num="46" type="stmt" count="1"/>
      <line num="47" type="stmt" count="1"/>
      <line num="48" type="stmt" count="1"/>
      <line num="50" type="stmt" count="1"/>
      <line num="51" type="stmt" count="0"/>
      <line num="52" type="stmt" count="0"/>
      <line num="54" type="stmt" count="0"/>
      <line num="55" type="stmt" count="0"/>
      <line num="56" type="stmt" count="0"/>
      <line num="62" type="method" name="addInputOption" visibility="private" complexity="4" crap="4.01" count="1"/>
      <line num="64" type="stmt" count="1"/>
      <line num="65" type="stmt" count="1"/>
      <line num="66" type="stmt" count="0"/>
      <line num="69" type="stmt" count="1"/>
      <line num="70" type="stmt" count="1"/>
      <line num="71" type="stmt" count="1"/>
      <line num="74" type="stmt" count="1"/>
      <line num="75" type="stmt" count="1"/>
      <line num="78" type="stmt" count="1"/>
      <line num="79" type="stmt" count="1"/>
      <line num="82" type="stmt" count="1"/>
      <line num="87" type="method" name="execute" visibility="protected" complexity="9" crap="10.89" count="1"/>
      <line num="89" type="stmt" count="1"/>
      <line num="90" type="stmt" count="1"/>
      <line num="91" type="stmt" count="1"/>
      <line num="92" type="stmt" count="1"/>
      <line num="93" type="stmt" count="1"/>
      <line num="95" type="stmt" count="1"/>
      <line num="96" type="stmt" count="1"/>
      <line num="97" type="stmt" count="1"/>
      <line num="99" type="stmt" count="1"/>
      <line num="103" type="stmt" count="1"/>
      <line num="104" type="stmt" count="0"/>
      <line num="105" type="stmt" count="0"/>
      <line num="108" type="stmt" count="1"/>
      <line num="109" type="stmt" count="1"/>
      <line num="110" type="stmt" count="1"/>
      <line num="111" type="stmt" count="1"/>
      <line num="112" type="stmt" count="1"/>
      <line num="114" type="stmt" count="0"/>
      <line num="115" type="stmt" count="0"/>
      <line num="116" type="stmt" count="0"/>
      <line num="118" type="stmt" count="0"/>
      <metrics loc="121" ncloc="121" classes="1" methods="4" coveredmethods="1" conditionals="0" coveredconditionals="0" statements="58" coveredstatements="44" elements="62" coveredelements="45"/>
    </file>
    <file name="/home/runner/work/console/console/src/ConsoleCommandFactory.php">
      <class name="Apie\Console\ConsoleCommandFactory" namespace="global">
        <metrics complexity="3" methods="2" coveredmethods="2" conditionals="0" coveredconditionals="0" statements="11" coveredstatements="11" elements="13" coveredelements="13"/>
      </class>
      <line num="16" type="method" name="__construct" visibility="public" complexity="1" crap="1" count="1"/>
      <line num="20" type="method" name="createForBoundedContext" visibility="public" complexity="2" crap="2" count="1"/>
      <line num="22" type="stmt" count="1"/>
      <line num="24" type="stmt" count="1"/>
      <line num="25" type="stmt" count="1"/>
      <line num="26" type="stmt" count="1"/>
      <line num="27" type="stmt" count="1"/>
      <line num="28" type="stmt" count="1"/>
      <line num="30" type="stmt" count="1"/>
      <line num="31" type="stmt" count="1"/>
      <line num="32" type="stmt" count="1"/>
      <line num="34" type="stmt" count="1"/>
      <metrics loc="37" ncloc="37" classes="1" methods="2" coveredmethods="2" conditionals="0" coveredconditionals="0" statements="11" coveredstatements="11" elements="13" coveredelements="13"/>
    </file>
    <file name="/home/runner/work/console/console/src/Lists/ConsoleCommandList.php">
      <class name="Apie\Console\Lists\ConsoleCommandList" namespace="global">
        <metrics complexity="1" methods="1" coveredmethods="0" conditionals="0" coveredconditionals="0" statements="1" coveredstatements="0" elements="2" coveredelements="0"/>
      </class>
      <line num="9" type="method" name="offsetGet" visibility="public" complexity="1" crap="2" count="0"/>
      <line num="11" type="stmt" count="0"/>
      <metrics loc="14" ncloc="14" classes="1" methods="1" coveredmethods="0" conditionals="0" coveredconditionals="0" statements="1" coveredstatements="0" elements="2" coveredelements="0"/>
    </file>
    <metrics files="3" loc="172" ncloc="172" classes="3" methods="7" coveredmethods="3" conditionals="0" coveredconditionals="0" statements="70" coveredstatements="55" elements="77" coveredelements="58"/>
  </project>
</coverage>
